<?xml version="1.0" encoding="UTF-8"?>
<!-- Generated by org.testng.reporters.JUnitReportReporter -->
<testsuite skipped="0" hostname="LAPTOP-ED1GDLEP" name="com.nopCommerce.testcases.TC_AddCustomerTest_003" tests="1" failures="0" timestamp="17 Apr 2019 18:58:19 GMT" time="28.561" errors="0">
  <testcase name="addNewCustomer" time="28.561" classname="com.nopCommerce.testcases.TC_AddCustomerTest_003"/>
</testsuite> <!-- com.nopCommerce.testcases.TC_AddCustomerTest_003 -->
