<?xml version="1.0" encoding="UTF-8"?>
<!-- Generated by org.testng.reporters.JUnitReportReporter -->
<testsuite skipped="0" hostname="LAPTOP-ED1GDLEP" name="com.nopCommerce.testcases.LoginPage_TC001" tests="3" failures="0" timestamp="18 Apr 2019 19:03:34 GMT" time="28.404" errors="0">
  <testcase name="logintest" time="8.182" classname="com.nopCommerce.testcases.LoginPage_TC001"/>
  <testcase name="logintest" time="7.735" classname="com.nopCommerce.testcases.LoginPage_TC001"/>
  <testcase name="logintest" time="12.487" classname="com.nopCommerce.testcases.LoginPage_TC001"/>
</testsuite> <!-- com.nopCommerce.testcases.LoginPage_TC001 -->
